<?xml version="1.0" encoding="UTF-8"?>
<!-- Generated by org.testng.reporters.JUnitReportReporter -->
<testsuite hostname="DESKTOP-1489BQN" failures="0" tests="2" name="com.rapl.testcases.TestCasesPage" time="87.569" errors="0" timestamp="2021-11-13T19:28:43 IST" skipped="0">
  <testcase classname="com.rapl.testcases.TestCasesPage" name="loginRapl" time="1.091"/>
  <system-out/>
  <testcase classname="com.rapl.testcases.TestCasesPage" name="createFeedback" time="86.478"/>
  <system-out/>
</testsuite> <!-- com.rapl.testcases.TestCasesPage -->
