<?xml version="1.0" encoding="UTF-8"?>
<!-- Generated by org.testng.reporters.JUnitReportReporter -->
<testsuite hostname="DESKTOP-1489BQN" failures="0" tests="2" name="com.rapl.testcases.TestCasesPage" time="61.331" errors="0" timestamp="2021-11-01T11:58:06 IST" skipped="0">
  <testcase classname="com.rapl.testcases.TestCasesPage" name="loginRapl" time="1.087"/>
  <system-out/>
  <testcase classname="com.rapl.testcases.TestCasesPage" name="createFeedback" time="60.244"/>
  <system-out/>
</testsuite> <!-- com.rapl.testcases.TestCasesPage -->
